<?xml version="1.0" encoding="UTF-8"?>
<testng-results ignored="0" total="1" passed="1" failed="0" skipped="0">
  <reporter-output>
  </reporter-output>
  <suite started-at="2024-02-27T13:58:54 IST" name="Default suite" finished-at="2024-02-27T13:59:38 IST" duration-ms="44032">
    <groups>
    </groups>
    <test started-at="2024-02-27T13:58:54 IST" name="Default test" finished-at="2024-02-27T13:59:38 IST" duration-ms="44032">
      <class name="Axis.DDFramework.WriteExcel">
        <test-method signature="FaceBookLogin()[pri:0, instance:Axis.DDFramework.WriteExcel@1e1a0406]" started-at="2024-02-27T13:58:54 IST" name="FaceBookLogin" finished-at="2024-02-27T13:59:38 IST" duration-ms="43977" status="PASS">
          <reporter-output>
          </reporter-output>
        </test-method> <!-- FaceBookLogin -->
      </class> <!-- Axis.DDFramework.WriteExcel -->
    </test> <!-- Default test -->
  </suite> <!-- Default suite -->
</testng-results>
